[ui-themez.smartinnovates.net/items/coco/slider.html]
[backblue.gif]
[fade.gif]
[index.html]
[ui-themez.smartinnovates.net/items/coco/img/favicon.ico]
[ui-themez.smartinnovates.net/items/coco/css/plugins.css]
[ui-themez.smartinnovates.net/items/coco/css/style.css]
[ui-themez.smartinnovates.net/items/coco/img/logo-light.png]
[ui-themez.smartinnovates.net/items/coco/img/bg4.jpg]
[ui-themez.smartinnovates.net/items/coco/img/bg1.jpg]
[ui-themez.smartinnovates.net/items/coco/img/bg2.jpg]
[ui-themez.smartinnovates.net/items/coco/img/2.jpg]
[ui-themez.smartinnovates.net/items/coco/img/3.jpg]
[ui-themez.smartinnovates.net/items/coco/img/4.jpg]
[ui-themez.smartinnovates.net/items/coco/img/5.jpg]
[ui-themez.smartinnovates.net/items/coco/img/bg6.jpg]
[ui-themez.smartinnovates.net/items/coco/img/arrow.png]
[ui-themez.smartinnovates.net/items/coco/img/portfolio/1.jpg]
[ui-themez.smartinnovates.net/items/coco/img/portfolio/2.jpg]
[ui-themez.smartinnovates.net/items/coco/img/portfolio/3.jpg]
[ui-themez.smartinnovates.net/items/coco/img/portfolio/4.jpg]
[ui-themez.smartinnovates.net/items/coco/img/portfolio/5.jpg]
[ui-themez.smartinnovates.net/items/coco/img/portfolio/6.jpg]
[ui-themez.smartinnovates.net/items/coco/img/portfolio/7.jpg]
[ui-themez.smartinnovates.net/items/coco/img/portfolio/8.jpg]
[ui-themez.smartinnovates.net/items/coco/img/1.jpg]
[ui-themez.smartinnovates.net/items/coco/img/team/1.jpg]
[ui-themez.smartinnovates.net/items/coco/img/team/2.jpg]
[ui-themez.smartinnovates.net/items/coco/img/team/3.jpg]
[ui-themez.smartinnovates.net/items/coco/img/team/4.jpg]
[ui-themez.smartinnovates.net/items/coco/img/quot.png]
[ui-themez.smartinnovates.net/items/coco/img/clients/1.jpg]
[ui-themez.smartinnovates.net/items/coco/img/clients/2.jpg]
[ui-themez.smartinnovates.net/items/coco/img/clients/3.jpg]
[ui-themez.smartinnovates.net/items/coco/img/clients/4.jpg]
[ui-themez.smartinnovates.net/items/coco/img/blog/1.jpg]
[ui-themez.smartinnovates.net/items/coco/img/blog/2.jpg]
[ui-themez.smartinnovates.net/items/coco/img/blog/3.jpg]
[ui-themez.smartinnovates.net/items/coco/js/jquery-3.0.0.min.js]
[ui-themez.smartinnovates.net/items/coco/js/jquery-migrate-3.0.0.min.js]
[ui-themez.smartinnovates.net/items/coco/js/popper.min.js]
[ui-themez.smartinnovates.net/items/coco/js/bootstrap.min.js]
[ui-themez.smartinnovates.net/items/coco/js/scrollIt.min.js]
[ui-themez.smartinnovates.net/items/coco/js/jquery.waypoints.min.js]
[ui-themez.smartinnovates.net/items/coco/js/owl.carousel.min.js]
[ui-themez.smartinnovates.net/items/coco/js/jquery.magnific-popup.min.js]
[ui-themez.smartinnovates.net/items/coco/js/jquery.stellar.min.js]
[ui-themez.smartinnovates.net/items/coco/js/isotope.pkgd.min.js]
[ui-themez.smartinnovates.net/items/coco/js/YouTubePopUp.jquery.js]
[ui-themez.smartinnovates.net/items/coco/js/validator.js]
[ui-themez.smartinnovates.net/items/coco/slider.html]
[ui-themez.smartinnovates.net/items/coco/js/scripts.js]
[ui-themez.smartinnovates.net/items/coco/css/plugins/bootstrap.min.css]
[ui-themez.smartinnovates.net/items/coco/css/plugins/animate.min.css]
[ui-themez.smartinnovates.net/items/coco/css/plugins/linea-basic.css]
[ui-themez.smartinnovates.net/items/coco/css/plugins/fontawesome-all.min.css]
[ui-themez.smartinnovates.net/items/coco/css/plugins/YouTubePopUp.css]
[ui-themez.smartinnovates.net/items/coco/css/plugins/magnific-popup.css]
[ui-themez.smartinnovates.net/items/coco/css/plugins/owl.carousel.min.css]
[ui-themez.smartinnovates.net/items/coco/css/plugins/owl.theme.default.min.css]
[ui-themez.smartinnovates.net/items/coco/css/plugins.css]
[ui-themez.smartinnovates.net/items/coco/css/plugins/helper.css]
[ui-themez.smartinnovates.net/items/coco/css/style.css]
[ui-themez.smartinnovates.net/items/coco/css/plugins/bootstrap.min.css]
[ui-themez.smartinnovates.net/items/coco/css/plugins/animate.min.css]
[ui-themez.smartinnovates.net/items/coco/img/wave.svg]
[ui-themez.smartinnovates.net/items/coco/fonts/linea-basic-10.eot]
[ui-themez.smartinnovates.net/items/coco/fonts/linea-basic-10d41d.eot]
[ui-themez.smartinnovates.net/items/coco/fonts/linea-basic-10.woff]
[ui-themez.smartinnovates.net/items/coco/fonts/linea-basic-10.ttf]
[ui-themez.smartinnovates.net/items/coco/fonts/linea-basic-10.svg]
[ui-themez.smartinnovates.net/items/coco/css/plugins/linea-basic.css]
[ui-themez.smartinnovates.net/items/coco/fonts/fa-brands-400.eot]
[ui-themez.smartinnovates.net/items/coco/fonts/fa-brands-400.woff2]
[ui-themez.smartinnovates.net/items/coco/fonts/fa-brands-400d41d.eot]
[ui-themez.smartinnovates.net/items/coco/fonts/fa-brands-400.woff]
[ui-themez.smartinnovates.net/items/coco/fonts/fa-brands-400.ttf]
[ui-themez.smartinnovates.net/items/coco/fonts/fa-brands-400.svg]
[ui-themez.smartinnovates.net/items/coco/fonts/fa-regular-400.eot]
[ui-themez.smartinnovates.net/items/coco/fonts/fa-regular-400d41d.eot]
[ui-themez.smartinnovates.net/items/coco/fonts/fa-regular-400.woff2]
[ui-themez.smartinnovates.net/items/coco/fonts/fa-regular-400.woff]
[ui-themez.smartinnovates.net/items/coco/fonts/fa-regular-400.ttf]
[ui-themez.smartinnovates.net/items/coco/fonts/fa-regular-400.svg]
[ui-themez.smartinnovates.net/items/coco/fonts/fa-solid-900.eot]
[ui-themez.smartinnovates.net/items/coco/fonts/fa-solid-900d41d.eot]
[ui-themez.smartinnovates.net/items/coco/fonts/fa-solid-900.woff2]
[ui-themez.smartinnovates.net/items/coco/fonts/fa-solid-900.woff]
[ui-themez.smartinnovates.net/items/coco/fonts/fa-solid-900.ttf]
[ui-themez.smartinnovates.net/items/coco/fonts/fa-solid-900.svg]
[ui-themez.smartinnovates.net/items/coco/css/plugins/fontawesome-all.min.css]
[ui-themez.smartinnovates.net/items/coco/css/images/close.png]
[ui-themez.smartinnovates.net/items/coco/css/plugins/YouTubePopUp.css]
[ui-themez.smartinnovates.net/items/coco/css/plugins/magnific-popup.css]
[ui-themez.smartinnovates.net/items/coco/css/plugins/owl.video.play.png]
[ui-themez.smartinnovates.net/items/coco/css/plugins/owl.carousel.min.css]
[ui-themez.smartinnovates.net/items/coco/css/plugins/owl.theme.default.min.css]
[ui-themez.smartinnovates.net/items/coco/css/plugins/helper.css]
[ui-themez.smartinnovates.net/items/coco/img/wave.svg]
[ui-themez.smartinnovates.net/items/coco/fonts/linea-basic-10.html]
[ui-themez.smartinnovates.net/items/coco/fonts/fa-brands-400.html]
[ui-themez.smartinnovates.net/items/coco/fonts/fa-regular-400.html]
[ui-themez.smartinnovates.net/items/coco/fonts/fa-solid-900.html]
[ui-themez.smartinnovates.net/items/coco/css/images/close.html]
[ui-themez.smartinnovates.net/items/coco/css/plugins/owl.video.play.html]
